<?xml version="1.0" encoding="UTF-8"?>
<testsuite xmlns:xsi="http://www.w3.org/2001/XMLSchema-instance" xsi:noNamespaceSchemaLocation="https://maven.apache.org/surefire/maven-surefire-plugin/xsd/surefire-test-report.xsd" version="3.0.2" name="com.example.api_gateway.ApiGatewayApplicationTests" time="6.478" tests="1" errors="0" skipped="0" failures="0">
  <properties>
[...]
</properties>
  <testcase name="contextLoads" classname="com.example.api_gateway.ApiGatewayApplicationTests" time="0.822">
    <system-out><![CDATA[18:41:15.045 [main] INFO org.springframework.test.context.support.AnnotationConfigContextLoaderUtils -- Could not detect default configuration classes for test class [com.example.api_gateway.ApiGatewayApplicationTests]: ApiGatewayApplicationTests does not declare any static, non-private, non-final, nested classes annotated with @Configuration.
18:41:15.197 [main] INFO org.springframework.boot.test.context.SpringBootTestContextBootstrapper -- Found @SpringBootConfiguration com.example.api_gateway.ApiGatewayApplication for test class com.example.api_gateway.ApiGatewayApplicationTests
18:41:15.748 [main] INFO org.springframework.boot.devtools.restart.RestartApplicationListener -- Restart disabled due to context in which it is running

  .   ____          _            __ _ _
 /\\ / ___'_ __ _ _(_)_ __  __ _ \ \ \ \
( ( )\___ | '_ | '_| | '_ \/ _` | \ \ \ \
 \\/  ___)| |_)| | | | | || (_| |  ) ) ) )
  '  |____| .__|_| |_|_| |_\__, | / / / /
 =========|_|==============|___/=/_/_/_/

 :: Spring Boot ::                (v3.5.7)

2026-03-25 18:41:16 - Starting ApiGatewayApplicationTests using Java 21.0.7 with PID 13712 (started by Anelis in C:\Users\Aneliss\Desktop\kinetocare\backend\api-gateway)
2026-03-25 18:41:16 - Running with Spring Boot v3.5.7, Spring v6.2.12
2026-03-25 18:41:16 - No active profile set, falling back to 1 default profile: "default"
2026-03-25 18:41:18 - BeanFactory id=1323bae8-87d1-3a79-a368-5236445dfb21
2026-03-25 18:41:20 - Loaded RoutePredicateFactory [After]
2026-03-25 18:41:20 - Loaded RoutePredicateFactory [Before]
2026-03-25 18:41:20 - Loaded RoutePredicateFactory [Between]
2026-03-25 18:41:20 - Loaded RoutePredicateFactory [Cookie]
2026-03-25 18:41:20 - Loaded RoutePredicateFactory [Header]
2026-03-25 18:41:20 - Loaded RoutePredicateFactory [Host]
2026-03-25 18:41:20 - Loaded RoutePredicateFactory [Method]
2026-03-25 18:41:20 - Loaded RoutePredicateFactory [Path]
2026-03-25 18:41:20 - Loaded RoutePredicateFactory [Query]
2026-03-25 18:41:20 - Loaded RoutePredicateFactory [ReadBody]
2026-03-25 18:41:20 - Loaded RoutePredicateFactory [RemoteAddr]
2026-03-25 18:41:20 - Loaded RoutePredicateFactory [XForwardedRemoteAddr]
2026-03-25 18:41:20 - Loaded RoutePredicateFactory [Weight]
2026-03-25 18:41:20 - Loaded RoutePredicateFactory [CloudFoundryRouteService]
2026-03-25 18:41:20 - Started ApiGatewayApplicationTests in 4.733 seconds (process running for 6.406)
]]></system-out>
    <system-err><![CDATA[Mockito is currently self-attaching to enable the inline-mock-maker. This will no longer work in future releases of the JDK. Please add Mockito as an agent to your build as described in Mockito's documentation: https://javadoc.io/doc/org.mockito/mockito-core/latest/org.mockito/org/mockito/Mockito.html#0.3
WARNING: A Java agent has been loaded dynamically (C:\Users\Aneliss\.m2\repository\net\bytebuddy\byte-buddy-agent\1.17.8\byte-buddy-agent-1.17.8.jar)
WARNING: If a serviceability tool is in use, please run with -XX:+EnableDynamicAgentLoading to hide this warning
WARNING: If a serviceability tool is not in use, please run with -Djdk.instrument.traceUsage for more information
WARNING: Dynamic loading of agents will be disallowed by default in a future release
]]></system-err>
  </testcase>
</testsuite>