<?xml version="1.0" encoding="UTF-8"?>
<testsuite xmlns:xsi="http://www.w3.org/2001/XMLSchema-instance" xsi:noNamespaceSchemaLocation="https://maven.apache.org/surefire/maven-surefire-plugin/xsd/surefire-test-report.xsd" version="3.0.2" name="com.example.terapeuti_service.TerapeutiServiceApplicationTests" time="13.531" tests="1" errors="0" skipped="0" failures="0">
  <properties>
[...]
</properties>
  <testcase name="contextLoads" classname="com.example.terapeuti_service.TerapeutiServiceApplicationTests" time="1.456">
    <system-out><![CDATA[18:41:50.189 [main] INFO org.springframework.test.context.support.AnnotationConfigContextLoaderUtils -- Could not detect default configuration classes for test class [com.example.terapeuti_service.TerapeutiServiceApplicationTests]: TerapeutiServiceApplicationTests does not declare any static, non-private, non-final, nested classes annotated with @Configuration.
18:41:50.423 [main] INFO org.springframework.boot.test.context.SpringBootTestContextBootstrapper -- Found @SpringBootConfiguration com.example.terapeuti_service.TerapeutiServiceApplication for test class com.example.terapeuti_service.TerapeutiServiceApplicationTests
18:41:51.154 [main] INFO org.springframework.boot.devtools.restart.RestartApplicationListener -- Restart disabled due to context in which it is running

  .   ____          _            __ _ _
 /\\ / ___'_ __ _ _(_)_ __  __ _ \ \ \ \
( ( )\___ | '_ | '_| | '_ \/ _` | \ \ \ \
 \\/  ___)| |_)| | | | | || (_| |  ) ) ) )
  '  |____| .__|_| |_|_| |_\__, | / / / /
 =========|_|==============|___/=/_/_/_/

 :: Spring Boot ::                (v3.5.7)

2026-03-25T18:41:51.618+02:00  INFO 12948 --- [terapeuti-service] [           main] c.e.t.TerapeutiServiceApplicationTests   : Starting TerapeutiServiceApplicationTests using Java 21.0.7 with PID 12948 (started by Anelis in C:\Users\Aneliss\Desktop\kinetocare\backend\terapeuti-service)
2026-03-25T18:41:51.619+02:00 DEBUG 12948 --- [terapeuti-service] [           main] c.e.t.TerapeutiServiceApplicationTests   : Running with Spring Boot v3.5.7, Spring v6.2.12
2026-03-25T18:41:51.620+02:00  INFO 12948 --- [terapeuti-service] [           main] c.e.t.TerapeutiServiceApplicationTests   : No active profile set, falling back to 1 default profile: "default"
2026-03-25T18:41:51.666+02:00 DEBUG 12948 --- [terapeuti-service] [           main] o.s.w.c.s.GenericWebApplicationContext   : Refreshing org.springframework.web.context.support.GenericWebApplicationContext@3a022576
2026-03-25T18:41:53.480+02:00  INFO 12948 --- [terapeuti-service] [           main] .s.d.r.c.RepositoryConfigurationDelegate : Bootstrapping Spring Data JPA repositories in DEFAULT mode.
2026-03-25T18:41:53.608+02:00  INFO 12948 --- [terapeuti-service] [           main] .s.d.r.c.RepositoryConfigurationDelegate : Finished Spring Data repository scanning in 109 ms. Found 4 JPA repository interfaces.
2026-03-25T18:41:54.000+02:00  INFO 12948 --- [terapeuti-service] [           main] o.s.cloud.context.scope.GenericScope     : BeanFactory id=f2adf420-efc8-3c1f-8045-2e330d175510
2026-03-25T18:41:54.677+02:00  INFO 12948 --- [terapeuti-service] [           main] o.hibernate.jpa.internal.util.LogHelper  : HHH000204: Processing PersistenceUnitInfo [name: default]
2026-03-25T18:41:54.796+02:00  INFO 12948 --- [terapeuti-service] [           main] org.hibernate.Version                    : HHH000412: Hibernate ORM core version 6.6.33.Final
2026-03-25T18:41:54.864+02:00  INFO 12948 --- [terapeuti-service] [           main] o.h.c.internal.RegionFactoryInitiator    : HHH000026: Second-level cache disabled
2026-03-25T18:41:55.380+02:00  INFO 12948 --- [terapeuti-service] [           main] o.s.o.j.p.SpringPersistenceUnitInfo      : No LoadTimeWeaver setup: ignoring JPA class transformer
2026-03-25T18:41:55.438+02:00  INFO 12948 --- [terapeuti-service] [           main] com.zaxxer.hikari.HikariDataSource       : HikariPool-1 - Starting...
2026-03-25T18:41:56.061+02:00  INFO 12948 --- [terapeuti-service] [           main] com.zaxxer.hikari.pool.HikariPool        : HikariPool-1 - Added connection com.mysql.cj.jdbc.ConnectionImpl@3f33bb6f
2026-03-25T18:41:56.064+02:00  INFO 12948 --- [terapeuti-service] [           main] com.zaxxer.hikari.HikariDataSource       : HikariPool-1 - Start completed.
2026-03-25T18:41:56.157+02:00  INFO 12948 --- [terapeuti-service] [           main] org.hibernate.orm.connections.pooling    : HHH10001005: Database info:
	Database JDBC URL [Connecting through datasource 'HikariDataSource (HikariPool-1)']
	Database driver: undefined/unknown
	Database version: 8.0.35
	Autocommit mode: undefined/unknown
	Isolation level: undefined/unknown
	Minimum pool size: undefined/unknown
	Maximum pool size: undefined/unknown
2026-03-25T18:41:57.410+02:00  INFO 12948 --- [terapeuti-service] [           main] o.h.e.t.j.p.i.JtaPlatformInitiator       : HHH000489: No JTA platform available (set 'hibernate.transaction.jta.platform' to enable JTA platform integration)
2026-03-25T18:41:57.505+02:00  INFO 12948 --- [terapeuti-service] [           main] j.LocalContainerEntityManagerFactoryBean : Initialized JPA EntityManagerFactory for persistence unit 'default'
2026-03-25T18:41:57.886+02:00  INFO 12948 --- [terapeuti-service] [           main] o.s.d.j.r.query.QueryEnhancerFactory     : Hibernate is in classpath; If applicable, HQL parser will be used.
2026-03-25T18:41:59.496+02:00  WARN 12948 --- [terapeuti-service] [           main] JpaBaseConfiguration$JpaWebConfiguration : spring.jpa.open-in-view is enabled by default. Therefore, database queries may be performed during view rendering. Explicitly configure spring.jpa.open-in-view to disable this warning
2026-03-25T18:41:59.698+02:00 DEBUG 12948 --- [terapeuti-service] [           main] s.w.s.m.m.a.RequestMappingHandlerMapping : 26 mappings in 'requestMappingHandlerMapping'
2026-03-25T18:41:59.902+02:00 DEBUG 12948 --- [terapeuti-service] [           main] o.s.w.s.handler.SimpleUrlHandlerMapping  : Patterns [/webjars/**, /**] in 'resourceHandlerMapping'
2026-03-25T18:42:00.165+02:00  INFO 12948 --- [terapeuti-service] [           main] o.s.b.a.e.web.EndpointLinksResolver      : Exposing 1 endpoint beneath base path '/actuator'
2026-03-25T18:42:00.226+02:00 DEBUG 12948 --- [terapeuti-service] [           main] swordEncoderAuthenticationManagerBuilder : No authenticationProviders and no parentAuthenticationManager defined. Returning null.
2026-03-25T18:42:00.681+02:00 DEBUG 12948 --- [terapeuti-service] [           main] o.s.s.web.DefaultSecurityFilterChain     : Will secure any request with filters: DisableEncodeUrlFilter, WebAsyncManagerIntegrationFilter, SecurityContextHolderFilter, HeaderWriterFilter, LogoutFilter, BearerTokenAuthenticationFilter, AuthenticationFilter, RequestCacheAwareFilter, SecurityContextHolderAwareRequestFilter, AnonymousAuthenticationFilter, SessionManagementFilter, ExceptionTranslationFilter, AuthorizationFilter
2026-03-25T18:42:01.084+02:00 DEBUG 12948 --- [terapeuti-service] [           main] s.w.s.m.m.a.RequestMappingHandlerAdapter : ControllerAdvice beans: 0 @ModelAttribute, 0 @InitBinder, 1 RequestBodyAdvice, 1 ResponseBodyAdvice
2026-03-25T18:42:01.211+02:00 DEBUG 12948 --- [terapeuti-service] [           main] .m.m.a.ExceptionHandlerExceptionResolver : ControllerAdvice beans: 1 @ExceptionHandler, 1 ResponseBodyAdvice
2026-03-25T18:42:01.754+02:00  INFO 12948 --- [terapeuti-service] [           main] c.e.t.TerapeutiServiceApplicationTests   : Started TerapeutiServiceApplicationTests in 10.619 seconds (process running for 12.562)
]]></system-out>
    <system-err><![CDATA[Mockito is currently self-attaching to enable the inline-mock-maker. This will no longer work in future releases of the JDK. Please add Mockito as an agent to your build as described in Mockito's documentation: https://javadoc.io/doc/org.mockito/mockito-core/latest/org.mockito/org/mockito/Mockito.html#0.3
WARNING: A Java agent has been loaded dynamically (C:\Users\Aneliss\.m2\repository\net\bytebuddy\byte-buddy-agent\1.17.8\byte-buddy-agent-1.17.8.jar)
WARNING: If a serviceability tool is in use, please run with -XX:+EnableDynamicAgentLoading to hide this warning
WARNING: If a serviceability tool is not in use, please run with -Djdk.instrument.traceUsage for more information
WARNING: Dynamic loading of agents will be disallowed by default in a future release
]]></system-err>
  </testcase>
</testsuite>